#
# There is insufficient memory for the Java Runtime Environment to continue.
# Native memory allocation (mmap) failed to map 67108864 bytes for G1 virtual space
# Possible reasons:
#   The system is out of physical RAM or swap space
#   The process is running with CompressedOops enabled, and the Java Heap may be blocking the growth of the native heap
# Possible solutions:
#   Reduce memory load on the system
#   Increase physical memory or swap space
#   Check if swap backing store is full
#   Decrease Java heap size (-Xmx/-Xms)
#   Decrease number of Java threads
#   Decrease Java thread stack sizes (-Xss)
#   Set larger code cache with -XX:ReservedCodeCacheSize=
#   JVM is running with Unscaled Compressed Oops mode in which the Java heap is
#     placed in the first 4GB address space. The Java Heap base address is the
#     maximum limit for the native heap growth. Please use -XX:HeapBaseMinAddress
#     to set the Java Heap base and to place the Java Heap above 4GB virtual address.
# This output file may be truncated or incomplete.
#
#  Out of Memory Error (os_windows.cpp:3552), pid=9676, tid=12716
#
# JRE version:  (17.0.9+11) (build )
# Java VM: Java HotSpot(TM) 64-Bit Server VM (17.0.9+11-LTS-201, mixed mode, sharing, tiered, compressed oops, compressed class ptrs, g1 gc, windows-amd64)
# No core dump will be written. Minidumps are not enabled by default on client versions of Windows
#

---------------  S U M M A R Y ------------

Command Line: -Xmx64m -Xms64m -Dorg.gradle.appname=gradlew org.gradle.wrapper.GradleWrapperMain app:installDebug -PreactNativeDevServerPort=8081

Host: Intel(R) Core(TM) i5-10210U CPU @ 1.60GHz, 8 cores, 7G,  Windows 11 , 64 bit Build 22621 (10.0.22621.2506)
Time: Sun Jan 14 10:13:07 2024 India Standard Time elapsed time: 0.064630 seconds (0d 0h 0m 0s)

---------------  T H R E A D  ---------------

Current thread (0x0000020247235a60):  JavaThread "Unknown thread" [_thread_in_vm, id=12716, stack(0x0000000769d00000,0x0000000769e00000)]

Stack: [0x0000000769d00000,0x0000000769e00000]
Native frames: (J=compiled Java code, j=interpreted, Vv=VM code, C=native code)
V  [jvm.dll+0x678a4a]
V  [jvm.dll+0x7d9cfd]
V  [jvm.dll+0x7db60e]
V  [jvm.dll+0x7dbc73]
V  [jvm.dll+0x245e1f]
V  [jvm.dll+0x6758f9]
V  [jvm.dll+0x66a2a2]
V  [jvm.dll+0x303686]
V  [jvm.dll+0x30ac06]
V  [jvm.dll+0x35a48e]
V  [jvm.dll+0x35a6bf]
V  [jvm.dll+0x2da678]
V  [jvm.dll+0x2db5e4]
V  [jvm.dll+0x7ab6b1]
V  [jvm.dll+0x368041]
V  [jvm.dll+0x78a749]
V  [jvm.dll+0x3ebd4f]
V  [jvm.dll+0x3ed7d1]
C  [jli.dll+0x5297]
C  [ucrtbase.dll+0x29363]
C  [KERNEL32.DLL+0x1257d]
C  [ntdll.dll+0x5aa58]


---------------  P R O C E S S  ---------------

Threads class SMR info:
_java_thread_list=0x00007ffecbf289d8, length=0, elements={
}

Java Threads: ( => current thread )

Other Threads:
  0x0000020247258210 GCTaskThread "GC Thread#0" [stack: 0x0000000769e00000,0x0000000769f00000] [id=20676]
  0x000002024725a100 ConcurrentGCThread "G1 Main Marker" [stack: 0x0000000769f00000,0x000000076a000000] [id=7560]
  0x000002024725ab10 ConcurrentGCThread "G1 Conc#0" [stack: 0x000000076a000000,0x000000076a100000] [id=18880]

[error occurred during error reporting (printing all threads), id 0xc0000005, EXCEPTION_ACCESS_VIOLATION (0xc0000005) at pc=0x00007ffecb75b2d7]

VM state: not at safepoint (not fully initialized)

VM Mutex/Monitor currently owned by a thread:  ([mutex/lock_event])
[0x00000202472320e0] Heap_lock - owner thread: 0x0000020247235a60

Heap address: 0x00000000fc000000, size: 64 MB, Compressed Oops mode: 32-bit

CDS archive(s) mapped at: [0x0000000000000000-0x0000000000000000-0x0000000000000000), size 0, SharedBaseAddress: 0x0000000800000000, ArchiveRelocationMode: 1.
Narrow klass base: 0x0000000000000000, Narrow klass shift: 0, Narrow klass range: 0x0

GC Precious Log:
<Empty>

Heap:
 garbage-first heap   total 0K, used 0K [0x00000000fc000000, 0x0000000100000000)
  region size 1024K, 0 young (0K), 0 survivors (0K)

[error occurred during error reporting (printing heap information), id 0xc0000005, EXCEPTION_ACCESS_VIOLATION (0xc0000005) at pc=0x00007ffecbb42229]

GC Heap History (0 events):
No events

Deoptimization events (0 events):
No events

Classes unloaded (0 events):
No events

Classes redefined (0 events):
No events

Internal exceptions (0 events):
No events

VM Operations (0 events):
No events

Events (1 events):
Event: 0.041 Loaded shared library C:\Program Files\Java\jdk-17\bin\java.dll


Dynamic libraries:
0x00007ff66dd80000 - 0x00007ff66dd90000 	C:\Program Files\Java\jdk-17\bin\java.exe
0x00007fff14b90000 - 0x00007fff14da7000 	C:\WINDOWS\SYSTEM32\ntdll.dll
0x00007fff14440000 - 0x00007fff14504000 	C:\WINDOWS\System32\KERNEL32.DLL
0x00007fff120f0000 - 0x00007fff12496000 	C:\WINDOWS\System32\KERNELBASE.dll
0x00007fff12560000 - 0x00007fff12671000 	C:\WINDOWS\System32\ucrtbase.dll
0x00007fff0ce00000 - 0x00007fff0ce1b000 	C:\Program Files\Java\jdk-17\bin\VCRUNTIME140.dll
0x00007fff0c600000 - 0x00007fff0c619000 	C:\Program Files\Java\jdk-17\bin\jli.dll
0x00007fff13ec0000 - 0x00007fff13f73000 	C:\WINDOWS\System32\ADVAPI32.dll
0x00007fff141f0000 - 0x00007fff14297000 	C:\WINDOWS\System32\msvcrt.dll
0x00007fff14830000 - 0x00007fff148d8000 	C:\WINDOWS\System32\sechost.dll
0x00007fff120c0000 - 0x00007fff120e8000 	C:\WINDOWS\System32\bcrypt.dll
0x00007fff12f70000 - 0x00007fff13087000 	C:\WINDOWS\System32\RPCRT4.dll
0x00007fff14520000 - 0x00007fff146ce000 	C:\WINDOWS\System32\USER32.dll
0x00007fff11ed0000 - 0x00007fff11ef6000 	C:\WINDOWS\System32\win32u.dll
0x00007fff12aa0000 - 0x00007fff12ac9000 	C:\WINDOWS\System32\GDI32.dll
0x00007fff11f00000 - 0x00007fff12018000 	C:\WINDOWS\System32\gdi32full.dll
0x00007fff12020000 - 0x00007fff120ba000 	C:\WINDOWS\System32\msvcp_win.dll
0x00007ffef7150000 - 0x00007ffef73e3000 	C:\WINDOWS\WinSxS\amd64_microsoft.windows.common-controls_6595b64144ccf1df_6.0.22621.2506_none_270c5ae97388e100\COMCTL32.dll
0x00007fff0a2b0000 - 0x00007fff0a2ba000 	C:\WINDOWS\SYSTEM32\VERSION.dll
0x00007fff131b0000 - 0x00007fff131e1000 	C:\WINDOWS\System32\IMM32.DLL
0x00007fff0edb0000 - 0x00007fff0edbc000 	C:\Program Files\Java\jdk-17\bin\vcruntime140_1.dll
0x00007ffee08f0000 - 0x00007ffee097e000 	C:\Program Files\Java\jdk-17\bin\msvcp140.dll
0x00007ffecb470000 - 0x00007ffecc051000 	C:\Program Files\Java\jdk-17\bin\server\jvm.dll
0x00007fff14b40000 - 0x00007fff14b48000 	C:\WINDOWS\System32\PSAPI.DLL
0x00007fff0a4b0000 - 0x00007fff0a4e4000 	C:\WINDOWS\SYSTEM32\WINMM.dll
0x00007ffeed170000 - 0x00007ffeed179000 	C:\WINDOWS\SYSTEM32\WSOCK32.dll
0x00007fff14ac0000 - 0x00007fff14b31000 	C:\WINDOWS\System32\WS2_32.dll
0x00007fff10f00000 - 0x00007fff10f18000 	C:\WINDOWS\SYSTEM32\kernel.appcore.dll
0x00007fff0cdf0000 - 0x00007fff0cdfa000 	C:\Program Files\Java\jdk-17\bin\jimage.dll
0x00007fff0f800000 - 0x00007fff0fa33000 	C:\WINDOWS\SYSTEM32\DBGHELP.DLL
0x00007fff132d0000 - 0x00007fff13659000 	C:\WINDOWS\System32\combase.dll
0x00007fff131f0000 - 0x00007fff132c7000 	C:\WINDOWS\System32\OLEAUT32.dll
0x00007ffeff2c0000 - 0x00007ffeff2f2000 	C:\WINDOWS\SYSTEM32\dbgcore.DLL
0x00007fff12860000 - 0x00007fff128da000 	C:\WINDOWS\System32\bcryptPrimitives.dll
0x00007fff0ba00000 - 0x00007fff0ba25000 	C:\Program Files\Java\jdk-17\bin\java.dll

dbghelp: loaded successfully - version: 4.0.5 - missing functions: none
symbol engine: initialized successfully - sym options: 0x614 - pdb path: .;C:\Program Files\Java\jdk-17\bin;C:\WINDOWS\SYSTEM32;C:\WINDOWS\WinSxS\amd64_microsoft.windows.common-controls_6595b64144ccf1df_6.0.22621.2506_none_270c5ae97388e100;C:\Program Files\Java\jdk-17\bin\server

VM Arguments:
jvm_args: -Xmx64m -Xms64m -Dorg.gradle.appname=gradlew 
java_command: org.gradle.wrapper.GradleWrapperMain app:installDebug -PreactNativeDevServerPort=8081
java_class_path (initial): C:\Users\Virat\DApp\android\\gradle\wrapper\gradle-wrapper.jar
Launcher Type: SUN_STANDARD

[Global flags]
     intx CICompilerCount                          = 4                                         {product} {ergonomic}
     uint ConcGCThreads                            = 2                                         {product} {ergonomic}
     uint G1ConcRefinementThreads                  = 8                                         {product} {ergonomic}
   size_t G1HeapRegionSize                         = 1048576                                   {product} {ergonomic}
    uintx GCDrainStackTargetSize                   = 64                                        {product} {ergonomic}
   size_t InitialHeapSize                          = 67108864                                  {product} {command line}
   size_t MarkStackSize                            = 4194304                                   {product} {ergonomic}
   size_t MaxHeapSize                              = 67108864                                  {product} {command line}
   size_t MinHeapDeltaBytes                        = 1048576                                   {product} {ergonomic}
   size_t MinHeapSize                              = 67108864                                  {product} {command line}
    uintx NonNMethodCodeHeapSize                   = 5839372                                {pd product} {ergonomic}
    uintx NonProfiledCodeHeapSize                  = 122909434                              {pd product} {ergonomic}
    uintx ProfiledCodeHeapSize                     = 122909434                              {pd product} {ergonomic}
    uintx ReservedCodeCacheSize                    = 251658240                              {pd product} {ergonomic}
     bool SegmentedCodeCache                       = true                                      {product} {ergonomic}
   size_t SoftMaxHeapSize                          = 67108864                               {manageable} {ergonomic}
     bool UseCompressedClassPointers               = true                           {product lp64_product} {ergonomic}
     bool UseCompressedOops                        = true                           {product lp64_product} {ergonomic}
     bool UseG1GC                                  = true                                      {product} {ergonomic}
     bool UseLargePagesIndividualAllocation        = false                                  {pd product} {ergonomic}

Logging:
Log output configuration:
 #0: stdout all=warning uptime,level,tags
 #1: stderr all=off uptime,level,tags

Environment Variables:
JAVA_HOME=C:\Program Files\Java\jdk-17\
CLASSPATH=C:\Users\Virat\DApp\android\\gradle\wrapper\gradle-wrapper.jar
PATH=C:\Users\Virat\DApp\node_modules\.bin;C:\Users\Virat\DApp\node_modules\.bin;C:\Users\Virat\node_modules\.bin;C:\Users\node_modules\.bin;C:\node_modules\.bin;C:\Program Files\nodejs\node_modules\npm\node_modules\@npmcli\run-script\lib\node-gyp-bin;C:\Users\Virat\DApp\node_modules\.bin;C:\Users\Virat\node_modules\.bin;C:\Users\node_modules\.bin;C:\node_modules\.bin;C:\Program Files\nodejs\node_modules\npm\node_modules\@npmcli\run-script\lib\node-gyp-bin;C:\Program Files\nodejs;C:\Users\Virat\AppData\Local\Android\Sdk\tools;C:\Users\Virat\AppData\Local\Microsoft\WindowsApps;C:\Users\Virat\AppData\Local\Programs\Microsoft VS Code\bin;C:\Users\Virat\AppData\Roaming\npm;C:\Program Files\MongoDB\Server\7.0\bin;C:\Program Files\Java\jdk-17\;C:\Program Files\nodejs;C:\Program Files\Git\bin;
USERNAME=Virat
LANG=en_US.UTF-8
OS=Windows_NT
PROCESSOR_IDENTIFIER=Intel64 Family 6 Model 142 Stepping 12, GenuineIntel



---------------  S Y S T E M  ---------------

OS:
 Windows 11 , 64 bit Build 22621 (10.0.22621.2506)
OS uptime: 0 days 11:09 hours

CPU: total 8 (initial active 8) (4 cores per cpu, 2 threads per core) family 6 model 142 stepping 12 microcode 0xea, cx8, cmov, fxsr, ht, mmx, 3dnowpref, sse, sse2, sse3, ssse3, sse4.1, sse4.2, popcnt, lzcnt, tsc, tscinvbit, avx, avx2, aes, erms, clmul, bmi1, bmi2, adx, fma, vzeroupper, clflush, clflushopt

Memory: 4k page, system-wide physical 8025M (135M free)
TotalPageFile size 32601M (AvailPageFile size 39M)
current process WorkingSet (physical memory assigned to process): 11M, peak: 11M
current process commit charge ("private bytes"): 59M, peak: 123M

vm_info: Java HotSpot(TM) 64-Bit Server VM (17.0.9+11-LTS-201) for windows-amd64 JRE (17.0.9+11-LTS-201), built on Oct 10 2023 23:16:06 by "mach5one" with MS VC++ 17.1 (VS2022)

END.
